2024-06-24 11:07:01,040 INFO    StreamThr :34148 [internal.py:wandb_internal():86] W&B internal server running at pid: 34148, started at: 2024-06-24 11:07:01.039778
2024-06-24 11:07:01,041 DEBUG   HandlerThread:34148 [handler.py:handle_request():146] handle_request: status
2024-06-24 11:07:01,043 INFO    WriterThread:34148 [datastore.py:open_for_write():87] open: D:\Download\yolov8\wandb\run-20240624_110701-7lnkwxiy\run-7lnkwxiy.wandb
2024-06-24 11:07:01,043 DEBUG   SenderThread:34148 [sender.py:send():379] send: header
2024-06-24 11:07:01,048 DEBUG   SenderThread:34148 [sender.py:send():379] send: run
2024-06-24 11:07:01,978 INFO    SenderThread:34148 [dir_watcher.py:__init__():211] watching files in: D:\Download\yolov8\wandb\run-20240624_110701-7lnkwxiy\files
2024-06-24 11:07:01,978 INFO    SenderThread:34148 [sender.py:_start_run_threads():1124] run started: 7lnkwxiy with start time 1719198421.040776
2024-06-24 11:07:01,988 DEBUG   HandlerThread:34148 [handler.py:handle_request():146] handle_request: check_version
2024-06-24 11:07:01,988 DEBUG   SenderThread:34148 [sender.py:send_request():406] send_request: check_version
2024-06-24 11:07:03,124 DEBUG   HandlerThread:34148 [handler.py:handle_request():146] handle_request: run_start
2024-06-24 11:07:03,177 DEBUG   HandlerThread:34148 [system_info.py:__init__():26] System info init
2024-06-24 11:07:03,177 DEBUG   HandlerThread:34148 [system_info.py:__init__():41] System info init done
2024-06-24 11:07:03,177 INFO    HandlerThread:34148 [system_monitor.py:start():194] Starting system monitor
2024-06-24 11:07:03,178 INFO    SystemMonitor:34148 [system_monitor.py:_start():158] Starting system asset monitoring threads
2024-06-24 11:07:03,178 INFO    HandlerThread:34148 [system_monitor.py:probe():214] Collecting system info
2024-06-24 11:07:03,183 INFO    SystemMonitor:34148 [interfaces.py:start():190] Started cpu monitoring
2024-06-24 11:07:03,183 INFO    SystemMonitor:34148 [interfaces.py:start():190] Started disk monitoring
2024-06-24 11:07:03,184 INFO    SystemMonitor:34148 [interfaces.py:start():190] Started gpu monitoring
2024-06-24 11:07:03,184 INFO    SystemMonitor:34148 [interfaces.py:start():190] Started memory monitoring
2024-06-24 11:07:03,210 INFO    SystemMonitor:34148 [interfaces.py:start():190] Started network monitoring
2024-06-24 11:07:03,210 DEBUG   HandlerThread:34148 [system_info.py:probe():150] Probing system
2024-06-24 11:07:03,211 DEBUG   HandlerThread:34148 [gitlib.py:_init_repo():56] git repository is invalid
2024-06-24 11:07:03,211 DEBUG   HandlerThread:34148 [system_info.py:probe():198] Probing system done
2024-06-24 11:07:03,211 DEBUG   HandlerThread:34148 [system_monitor.py:probe():223] {'os': 'Windows-10-10.0.22631-SP0', 'python': '3.9.18', 'heartbeatAt': '2024-06-24T03:07:03.210717', 'startedAt': '2024-06-24T03:07:01.032265', 'docker': None, 'cuda': None, 'args': ('task=segment', 'mode=train', 'model=D:/Download/yolov8/ultralytics-main/weights/yolov8l-seg.pt', 'epochs=10', 'batch=1', 'data=D:/Download/yolov8/ultralytics-main/ultralytics/cfg/myseg.yaml', 'device=0'), 'state': 'running', 'program': '-m __main__', 'codePathLocal': None, 'host': '彭渝皓', 'username': '19379', 'executable': 'C:\\Users\\19379\\.conda\\envs\\pytorch\\python.exe', 'cpu_count': 14, 'cpu_count_logical': 20, 'cpu_freq': {'current': 2400.0, 'min': 0.0, 'max': 2400.0}, 'cpu_freq_per_core': [{'current': 2400.0, 'min': 0.0, 'max': 2400.0}], 'disk': {'/': {'total': 751.6445274353027, 'used': 697.5871162414551}}, 'gpu': 'NVIDIA GeForce RTX 4060 Laptop GPU', 'gpu_count': 1, 'gpu_devices': [{'name': 'NVIDIA GeForce RTX 4060 Laptop GPU', 'memory_total': 8585740288}], 'memory': {'total': 15.730522155761719}}
2024-06-24 11:07:03,212 INFO    HandlerThread:34148 [system_monitor.py:probe():224] Finished collecting system info
2024-06-24 11:07:03,212 INFO    HandlerThread:34148 [system_monitor.py:probe():227] Publishing system info
2024-06-24 11:07:03,212 DEBUG   HandlerThread:34148 [system_info.py:_save_conda():207] Saving list of conda packages installed into the current environment
2024-06-24 11:07:03,992 INFO    Thread-16 :34148 [dir_watcher.py:_on_file_created():271] file/dir created: D:\Download\yolov8\wandb\run-20240624_110701-7lnkwxiy\files\conda-environment.yaml
2024-06-24 11:07:08,393 DEBUG   HandlerThread:34148 [system_info.py:_save_conda():222] Saving conda packages done
2024-06-24 11:07:08,394 INFO    HandlerThread:34148 [system_monitor.py:probe():229] Finished publishing system info
2024-06-24 11:07:08,409 DEBUG   HandlerThread:34148 [handler.py:handle_request():146] handle_request: status_report
2024-06-24 11:07:08,409 DEBUG   HandlerThread:34148 [handler.py:handle_request():146] handle_request: keepalive
2024-06-24 11:07:08,409 DEBUG   SenderThread:34148 [sender.py:send():379] send: files
2024-06-24 11:07:08,409 INFO    SenderThread:34148 [sender.py:_save_file():1390] saving file wandb-metadata.json with policy now
2024-06-24 11:07:08,615 DEBUG   HandlerThread:34148 [handler.py:handle_request():146] handle_request: python_packages
2024-06-24 11:07:08,616 DEBUG   HandlerThread:34148 [handler.py:handle_request():146] handle_request: stop_status
2024-06-24 11:07:08,616 DEBUG   HandlerThread:34148 [handler.py:handle_request():146] handle_request: internal_messages
2024-06-24 11:07:08,616 DEBUG   SenderThread:34148 [sender.py:send_request():406] send_request: python_packages
2024-06-24 11:07:08,617 DEBUG   SenderThread:34148 [sender.py:send_request():406] send_request: stop_status
2024-06-24 11:07:09,042 INFO    Thread-16 :34148 [dir_watcher.py:_on_file_modified():288] file/dir modified: D:\Download\yolov8\wandb\run-20240624_110701-7lnkwxiy\files\conda-environment.yaml
2024-06-24 11:07:09,042 INFO    Thread-16 :34148 [dir_watcher.py:_on_file_created():271] file/dir created: D:\Download\yolov8\wandb\run-20240624_110701-7lnkwxiy\files\wandb-metadata.json
2024-06-24 11:07:09,042 INFO    Thread-16 :34148 [dir_watcher.py:_on_file_created():271] file/dir created: D:\Download\yolov8\wandb\run-20240624_110701-7lnkwxiy\files\requirements.txt
2024-06-24 11:07:09,218 DEBUG   SenderThread:34148 [sender.py:send():379] send: telemetry
2024-06-24 11:07:09,588 INFO    wandb-upload_0:34148 [upload_job.py:push():131] Uploaded file C:\Users\19379\AppData\Local\Temp\tmpmo81ia09wandb\pzy43s2v-wandb-metadata.json
2024-06-24 11:07:10,051 INFO    Thread-16 :34148 [dir_watcher.py:_on_file_created():271] file/dir created: D:\Download\yolov8\wandb\run-20240624_110701-7lnkwxiy\files\output.log
2024-06-24 11:07:11,233 DEBUG   HandlerThread:34148 [handler.py:handle_request():146] handle_request: status_report
2024-06-24 11:07:12,068 INFO    Thread-16 :34148 [dir_watcher.py:_on_file_modified():288] file/dir modified: D:\Download\yolov8\wandb\run-20240624_110701-7lnkwxiy\files\output.log
2024-06-24 11:07:16,273 DEBUG   HandlerThread:34148 [handler.py:handle_request():146] handle_request: status_report
2024-06-24 11:07:17,637 DEBUG   SenderThread:34148 [sender.py:send():379] send: telemetry
2024-06-24 11:07:20,131 INFO    Thread-16 :34148 [dir_watcher.py:_on_file_modified():288] file/dir modified: D:\Download\yolov8\wandb\run-20240624_110701-7lnkwxiy\files\output.log
2024-06-24 11:07:21,588 DEBUG   HandlerThread:34148 [handler.py:handle_request():146] handle_request: status_report
2024-06-24 11:07:22,137 INFO    Thread-16 :34148 [dir_watcher.py:_on_file_modified():288] file/dir modified: D:\Download\yolov8\wandb\run-20240624_110701-7lnkwxiy\files\output.log
2024-06-24 11:07:23,618 DEBUG   HandlerThread:34148 [handler.py:handle_request():146] handle_request: stop_status
2024-06-24 11:07:23,618 DEBUG   SenderThread:34148 [sender.py:send_request():406] send_request: stop_status
2024-06-24 11:07:23,632 DEBUG   HandlerThread:34148 [handler.py:handle_request():146] handle_request: internal_messages
2024-06-24 11:07:26,898 DEBUG   HandlerThread:34148 [handler.py:handle_request():146] handle_request: status_report
2024-06-24 11:07:31,929 DEBUG   HandlerThread:34148 [handler.py:handle_request():146] handle_request: status_report
2024-06-24 11:07:32,225 INFO    Thread-16 :34148 [dir_watcher.py:_on_file_modified():288] file/dir modified: D:\Download\yolov8\wandb\run-20240624_110701-7lnkwxiy\files\config.yaml
2024-06-24 11:07:37,245 DEBUG   HandlerThread:34148 [handler.py:handle_request():146] handle_request: status_report
2024-06-24 11:07:38,631 DEBUG   HandlerThread:34148 [handler.py:handle_request():146] handle_request: stop_status
2024-06-24 11:07:38,631 DEBUG   SenderThread:34148 [sender.py:send_request():406] send_request: stop_status
2024-06-24 11:07:38,646 DEBUG   HandlerThread:34148 [handler.py:handle_request():146] handle_request: internal_messages
2024-06-24 11:07:42,963 DEBUG   HandlerThread:34148 [handler.py:handle_request():146] handle_request: status_report
2024-06-24 11:07:46,385 INFO    Thread-16 :34148 [dir_watcher.py:_on_file_modified():288] file/dir modified: D:\Download\yolov8\wandb\run-20240624_110701-7lnkwxiy\files\output.log
2024-06-24 11:07:48,444 DEBUG   HandlerThread:34148 [handler.py:handle_request():146] handle_request: status_report
2024-06-24 11:07:53,509 DEBUG   HandlerThread:34148 [handler.py:handle_request():146] handle_request: status_report
2024-06-24 11:07:53,650 DEBUG   HandlerThread:34148 [handler.py:handle_request():146] handle_request: stop_status
2024-06-24 11:07:53,650 DEBUG   HandlerThread:34148 [handler.py:handle_request():146] handle_request: internal_messages
2024-06-24 11:07:53,650 DEBUG   SenderThread:34148 [sender.py:send_request():406] send_request: stop_status
2024-06-24 11:07:58,978 DEBUG   HandlerThread:34148 [handler.py:handle_request():146] handle_request: status_report
2024-06-24 11:08:03,211 DEBUG   SystemMonitor:34148 [system_monitor.py:_start():172] Starting system metrics aggregation loop
2024-06-24 11:08:03,213 DEBUG   SenderThread:34148 [sender.py:send():379] send: stats
2024-06-24 11:08:04,263 DEBUG   HandlerThread:34148 [handler.py:handle_request():146] handle_request: status_report
2024-06-24 11:08:08,648 DEBUG   HandlerThread:34148 [handler.py:handle_request():146] handle_request: stop_status
2024-06-24 11:08:08,648 DEBUG   SenderThread:34148 [sender.py:send_request():406] send_request: stop_status
2024-06-24 11:08:08,664 DEBUG   HandlerThread:34148 [handler.py:handle_request():146] handle_request: internal_messages
2024-06-24 11:08:09,976 DEBUG   HandlerThread:34148 [handler.py:handle_request():146] handle_request: status_report
2024-06-24 11:08:15,021 DEBUG   HandlerThread:34148 [handler.py:handle_request():146] handle_request: status_report
2024-06-24 11:08:20,067 DEBUG   HandlerThread:34148 [handler.py:handle_request():146] handle_request: status_report
2024-06-24 11:08:23,648 DEBUG   HandlerThread:34148 [handler.py:handle_request():146] handle_request: stop_status
2024-06-24 11:08:23,649 DEBUG   SenderThread:34148 [sender.py:send_request():406] send_request: stop_status
2024-06-24 11:08:23,679 DEBUG   HandlerThread:34148 [handler.py:handle_request():146] handle_request: internal_messages
2024-06-24 11:08:25,991 DEBUG   HandlerThread:34148 [handler.py:handle_request():146] handle_request: status_report
2024-06-24 11:08:31,054 DEBUG   HandlerThread:34148 [handler.py:handle_request():146] handle_request: status_report
2024-06-24 11:08:33,223 DEBUG   SenderThread:34148 [sender.py:send():379] send: stats
2024-06-24 11:08:36,263 DEBUG   HandlerThread:34148 [handler.py:handle_request():146] handle_request: status_report
2024-06-24 11:08:38,665 DEBUG   HandlerThread:34148 [handler.py:handle_request():146] handle_request: stop_status
2024-06-24 11:08:38,666 DEBUG   SenderThread:34148 [sender.py:send_request():406] send_request: stop_status
2024-06-24 11:08:38,683 DEBUG   HandlerThread:34148 [handler.py:handle_request():146] handle_request: internal_messages
2024-06-24 11:08:39,959 INFO    Thread-16 :34148 [dir_watcher.py:_on_file_modified():288] file/dir modified: D:\Download\yolov8\wandb\run-20240624_110701-7lnkwxiy\files\output.log
2024-06-24 11:08:41,984 INFO    Thread-16 :34148 [dir_watcher.py:_on_file_modified():288] file/dir modified: D:\Download\yolov8\wandb\run-20240624_110701-7lnkwxiy\files\output.log
2024-06-24 11:08:42,203 DEBUG   HandlerThread:34148 [handler.py:handle_request():146] handle_request: status_report
2024-06-24 11:08:47,249 DEBUG   HandlerThread:34148 [handler.py:handle_request():146] handle_request: status_report
2024-06-24 11:08:52,290 DEBUG   HandlerThread:34148 [handler.py:handle_request():146] handle_request: status_report
2024-06-24 11:08:53,663 DEBUG   HandlerThread:34148 [handler.py:handle_request():146] handle_request: stop_status
2024-06-24 11:08:53,663 DEBUG   SenderThread:34148 [sender.py:send_request():406] send_request: stop_status
2024-06-24 11:08:53,694 DEBUG   HandlerThread:34148 [handler.py:handle_request():146] handle_request: internal_messages
2024-06-24 11:08:57,950 DEBUG   HandlerThread:34148 [handler.py:handle_request():146] handle_request: status_report
2024-06-24 11:09:02,987 DEBUG   HandlerThread:34148 [handler.py:handle_request():146] handle_request: status_report
2024-06-24 11:09:03,236 DEBUG   SenderThread:34148 [sender.py:send():379] send: stats
2024-06-24 11:09:08,282 DEBUG   HandlerThread:34148 [handler.py:handle_request():146] handle_request: status_report
2024-06-24 11:09:08,671 DEBUG   HandlerThread:34148 [handler.py:handle_request():146] handle_request: stop_status
2024-06-24 11:09:08,671 DEBUG   SenderThread:34148 [sender.py:send_request():406] send_request: stop_status
2024-06-24 11:09:08,701 DEBUG   HandlerThread:34148 [handler.py:handle_request():146] handle_request: internal_messages
2024-06-24 11:09:14,004 DEBUG   HandlerThread:34148 [handler.py:handle_request():146] handle_request: status_report
2024-06-24 11:09:19,056 DEBUG   HandlerThread:34148 [handler.py:handle_request():146] handle_request: status_report
2024-06-24 11:09:23,668 DEBUG   HandlerThread:34148 [handler.py:handle_request():146] handle_request: stop_status
2024-06-24 11:09:23,669 DEBUG   SenderThread:34148 [sender.py:send_request():406] send_request: stop_status
2024-06-24 11:09:23,716 DEBUG   HandlerThread:34148 [handler.py:handle_request():146] handle_request: internal_messages
2024-06-24 11:09:24,926 DEBUG   HandlerThread:34148 [handler.py:handle_request():146] handle_request: status_report
2024-06-24 11:09:29,985 DEBUG   HandlerThread:34148 [handler.py:handle_request():146] handle_request: status_report
2024-06-24 11:09:33,252 DEBUG   SenderThread:34148 [sender.py:send():379] send: stats
2024-06-24 11:09:35,276 DEBUG   HandlerThread:34148 [handler.py:handle_request():146] handle_request: status_report
2024-06-24 11:09:38,668 DEBUG   HandlerThread:34148 [handler.py:handle_request():146] handle_request: stop_status
2024-06-24 11:09:38,669 DEBUG   SenderThread:34148 [sender.py:send_request():406] send_request: stop_status
2024-06-24 11:09:38,731 DEBUG   HandlerThread:34148 [handler.py:handle_request():146] handle_request: internal_messages
2024-06-24 11:09:40,944 DEBUG   HandlerThread:34148 [handler.py:handle_request():146] handle_request: status_report
2024-06-24 11:09:46,024 DEBUG   HandlerThread:34148 [handler.py:handle_request():146] handle_request: status_report
2024-06-24 11:09:51,056 DEBUG   HandlerThread:34148 [handler.py:handle_request():146] handle_request: status_report
2024-06-24 11:09:53,665 DEBUG   HandlerThread:34148 [handler.py:handle_request():146] handle_request: stop_status
2024-06-24 11:09:53,665 DEBUG   SenderThread:34148 [sender.py:send_request():406] send_request: stop_status
2024-06-24 11:09:53,742 DEBUG   HandlerThread:34148 [handler.py:handle_request():146] handle_request: internal_messages
2024-06-24 11:09:57,025 DEBUG   HandlerThread:34148 [handler.py:handle_request():146] handle_request: status_report
2024-06-24 11:10:02,055 DEBUG   HandlerThread:34148 [handler.py:handle_request():146] handle_request: status_report
2024-06-24 11:10:03,264 DEBUG   SenderThread:34148 [sender.py:send():379] send: stats
2024-06-24 11:10:07,304 DEBUG   HandlerThread:34148 [handler.py:handle_request():146] handle_request: status_report
2024-06-24 11:10:08,682 DEBUG   HandlerThread:34148 [handler.py:handle_request():146] handle_request: stop_status
2024-06-24 11:10:08,682 DEBUG   SenderThread:34148 [sender.py:send_request():406] send_request: stop_status
2024-06-24 11:10:08,745 DEBUG   HandlerThread:34148 [handler.py:handle_request():146] handle_request: internal_messages
2024-06-24 11:10:12,957 DEBUG   HandlerThread:34148 [handler.py:handle_request():146] handle_request: status_report
2024-06-24 11:10:18,003 DEBUG   HandlerThread:34148 [handler.py:handle_request():146] handle_request: status_report
2024-06-24 11:10:23,047 DEBUG   HandlerThread:34148 [handler.py:handle_request():146] handle_request: status_report
2024-06-24 11:10:23,686 DEBUG   HandlerThread:34148 [handler.py:handle_request():146] handle_request: stop_status
2024-06-24 11:10:23,688 DEBUG   SenderThread:34148 [sender.py:send_request():406] send_request: stop_status
2024-06-24 11:10:23,749 DEBUG   HandlerThread:34148 [handler.py:handle_request():146] handle_request: internal_messages
2024-06-24 11:10:28,065 DEBUG   HandlerThread:34148 [handler.py:handle_request():146] handle_request: status_report
2024-06-24 11:10:33,131 DEBUG   HandlerThread:34148 [handler.py:handle_request():146] handle_request: status_report
2024-06-24 11:10:33,274 DEBUG   SenderThread:34148 [sender.py:send():379] send: stats
2024-06-24 11:10:38,327 DEBUG   HandlerThread:34148 [handler.py:handle_request():146] handle_request: status_report
2024-06-24 11:10:38,703 DEBUG   HandlerThread:34148 [handler.py:handle_request():146] handle_request: stop_status
2024-06-24 11:10:38,703 DEBUG   SenderThread:34148 [sender.py:send_request():406] send_request: stop_status
2024-06-24 11:10:38,748 DEBUG   HandlerThread:34148 [handler.py:handle_request():146] handle_request: internal_messages
2024-06-24 11:10:44,017 DEBUG   HandlerThread:34148 [handler.py:handle_request():146] handle_request: status_report
2024-06-24 11:10:49,109 DEBUG   HandlerThread:34148 [handler.py:handle_request():146] handle_request: status_report
2024-06-24 11:10:53,697 DEBUG   HandlerThread:34148 [handler.py:handle_request():146] handle_request: stop_status
2024-06-24 11:10:53,698 DEBUG   SenderThread:34148 [sender.py:send_request():406] send_request: stop_status
2024-06-24 11:10:53,744 DEBUG   HandlerThread:34148 [handler.py:handle_request():146] handle_request: internal_messages
2024-06-24 11:10:55,007 DEBUG   HandlerThread:34148 [handler.py:handle_request():146] handle_request: status_report
2024-06-24 11:11:00,060 DEBUG   HandlerThread:34148 [handler.py:handle_request():146] handle_request: status_report
2024-06-24 11:11:03,286 DEBUG   SenderThread:34148 [sender.py:send():379] send: stats
2024-06-24 11:11:05,306 DEBUG   HandlerThread:34148 [handler.py:handle_request():146] handle_request: status_report
2024-06-24 11:11:08,695 DEBUG   HandlerThread:34148 [handler.py:handle_request():146] handle_request: stop_status
2024-06-24 11:11:08,696 DEBUG   SenderThread:34148 [sender.py:send_request():406] send_request: stop_status
2024-06-24 11:11:08,756 DEBUG   HandlerThread:34148 [handler.py:handle_request():146] handle_request: internal_messages
2024-06-24 11:11:10,993 DEBUG   HandlerThread:34148 [handler.py:handle_request():146] handle_request: status_report
2024-06-24 11:11:16,044 DEBUG   HandlerThread:34148 [handler.py:handle_request():146] handle_request: status_report
2024-06-24 11:11:21,096 DEBUG   HandlerThread:34148 [handler.py:handle_request():146] handle_request: status_report
2024-06-24 11:11:23,734 DEBUG   HandlerThread:34148 [handler.py:handle_request():146] handle_request: stop_status
2024-06-24 11:11:23,734 DEBUG   SenderThread:34148 [sender.py:send_request():406] send_request: stop_status
2024-06-24 11:11:23,771 DEBUG   HandlerThread:34148 [handler.py:handle_request():146] handle_request: internal_messages
2024-06-24 11:11:27,043 DEBUG   HandlerThread:34148 [handler.py:handle_request():146] handle_request: status_report
2024-06-24 11:11:32,093 DEBUG   HandlerThread:34148 [handler.py:handle_request():146] handle_request: status_report
2024-06-24 11:11:33,291 DEBUG   SenderThread:34148 [sender.py:send():379] send: stats
2024-06-24 11:11:37,330 DEBUG   HandlerThread:34148 [handler.py:handle_request():146] handle_request: status_report
2024-06-24 11:11:38,710 DEBUG   HandlerThread:34148 [handler.py:handle_request():146] handle_request: stop_status
2024-06-24 11:11:38,711 DEBUG   SenderThread:34148 [sender.py:send_request():406] send_request: stop_status
2024-06-24 11:11:38,774 DEBUG   HandlerThread:34148 [handler.py:handle_request():146] handle_request: internal_messages
2024-06-24 11:11:43,093 DEBUG   HandlerThread:34148 [handler.py:handle_request():146] handle_request: status_report
2024-06-24 11:11:48,179 DEBUG   HandlerThread:34148 [handler.py:handle_request():146] handle_request: status_report
2024-06-24 11:11:53,254 DEBUG   HandlerThread:34148 [handler.py:handle_request():146] handle_request: status_report
2024-06-24 11:11:53,720 DEBUG   HandlerThread:34148 [handler.py:handle_request():146] handle_request: stop_status
2024-06-24 11:11:53,721 DEBUG   SenderThread:34148 [sender.py:send_request():406] send_request: stop_status
2024-06-24 11:11:53,782 DEBUG   HandlerThread:34148 [handler.py:handle_request():146] handle_request: internal_messages
2024-06-24 11:11:59,080 DEBUG   HandlerThread:34148 [handler.py:handle_request():146] handle_request: status_report
2024-06-24 11:12:03,296 DEBUG   SenderThread:34148 [sender.py:send():379] send: stats
2024-06-24 11:12:04,306 DEBUG   HandlerThread:34148 [handler.py:handle_request():146] handle_request: status_report
2024-06-24 11:12:08,727 DEBUG   HandlerThread:34148 [handler.py:handle_request():146] handle_request: stop_status
2024-06-24 11:12:08,727 DEBUG   SenderThread:34148 [sender.py:send_request():406] send_request: stop_status
2024-06-24 11:12:08,788 DEBUG   HandlerThread:34148 [handler.py:handle_request():146] handle_request: internal_messages
2024-06-24 11:12:10,052 DEBUG   HandlerThread:34148 [handler.py:handle_request():146] handle_request: status_report
2024-06-24 11:12:15,113 DEBUG   HandlerThread:34148 [handler.py:handle_request():146] handle_request: status_report
2024-06-24 11:12:20,167 DEBUG   HandlerThread:34148 [handler.py:handle_request():146] handle_request: status_report
2024-06-24 11:12:23,730 DEBUG   HandlerThread:34148 [handler.py:handle_request():146] handle_request: stop_status
2024-06-24 11:12:23,731 DEBUG   SenderThread:34148 [sender.py:send_request():406] send_request: stop_status
2024-06-24 11:12:23,793 DEBUG   HandlerThread:34148 [handler.py:handle_request():146] handle_request: internal_messages
2024-06-24 11:12:26,049 DEBUG   HandlerThread:34148 [handler.py:handle_request():146] handle_request: status_report
2024-06-24 11:12:31,102 DEBUG   HandlerThread:34148 [handler.py:handle_request():146] handle_request: status_report
2024-06-24 11:12:33,310 DEBUG   SenderThread:34148 [sender.py:send():379] send: stats
2024-06-24 11:12:36,332 DEBUG   HandlerThread:34148 [handler.py:handle_request():146] handle_request: status_report
2024-06-24 11:12:38,727 DEBUG   HandlerThread:34148 [handler.py:handle_request():146] handle_request: stop_status
2024-06-24 11:12:38,728 DEBUG   SenderThread:34148 [sender.py:send_request():406] send_request: stop_status
2024-06-24 11:12:38,806 DEBUG   HandlerThread:34148 [handler.py:handle_request():146] handle_request: internal_messages
2024-06-24 11:12:42,014 DEBUG   HandlerThread:34148 [handler.py:handle_request():146] handle_request: status_report
2024-06-24 11:12:47,072 DEBUG   HandlerThread:34148 [handler.py:handle_request():146] handle_request: status_report
2024-06-24 11:12:52,117 DEBUG   HandlerThread:34148 [handler.py:handle_request():146] handle_request: status_report
2024-06-24 11:12:53,719 DEBUG   HandlerThread:34148 [handler.py:handle_request():146] handle_request: stop_status
2024-06-24 11:12:53,720 DEBUG   SenderThread:34148 [sender.py:send_request():406] send_request: stop_status
2024-06-24 11:12:53,812 DEBUG   HandlerThread:34148 [handler.py:handle_request():146] handle_request: internal_messages
2024-06-24 11:12:58,069 DEBUG   HandlerThread:34148 [handler.py:handle_request():146] handle_request: status_report
2024-06-24 11:13:03,123 DEBUG   HandlerThread:34148 [handler.py:handle_request():146] handle_request: status_report
2024-06-24 11:13:03,316 DEBUG   SenderThread:34148 [sender.py:send():379] send: stats
2024-06-24 11:13:08,366 DEBUG   HandlerThread:34148 [handler.py:handle_request():146] handle_request: status_report
2024-06-24 11:13:08,724 DEBUG   HandlerThread:34148 [handler.py:handle_request():146] handle_request: stop_status
2024-06-24 11:13:08,726 DEBUG   SenderThread:34148 [sender.py:send_request():406] send_request: stop_status
2024-06-24 11:13:08,819 DEBUG   HandlerThread:34148 [handler.py:handle_request():146] handle_request: internal_messages
2024-06-24 11:13:14,087 DEBUG   HandlerThread:34148 [handler.py:handle_request():146] handle_request: status_report
2024-06-24 11:13:19,138 DEBUG   HandlerThread:34148 [handler.py:handle_request():146] handle_request: status_report
2024-06-24 11:13:23,733 DEBUG   HandlerThread:34148 [handler.py:handle_request():146] handle_request: stop_status
2024-06-24 11:13:23,734 DEBUG   SenderThread:34148 [sender.py:send_request():406] send_request: stop_status
2024-06-24 11:13:23,825 DEBUG   HandlerThread:34148 [handler.py:handle_request():146] handle_request: internal_messages
2024-06-24 11:13:25,056 DEBUG   HandlerThread:34148 [handler.py:handle_request():146] handle_request: status_report
2024-06-24 11:13:30,116 DEBUG   HandlerThread:34148 [handler.py:handle_request():146] handle_request: status_report
2024-06-24 11:13:33,324 DEBUG   SenderThread:34148 [sender.py:send():379] send: stats
2024-06-24 11:13:35,350 DEBUG   HandlerThread:34148 [handler.py:handle_request():146] handle_request: status_report
2024-06-24 11:13:38,741 DEBUG   HandlerThread:34148 [handler.py:handle_request():146] handle_request: stop_status
2024-06-24 11:13:38,742 DEBUG   SenderThread:34148 [sender.py:send_request():406] send_request: stop_status
2024-06-24 11:13:38,834 DEBUG   HandlerThread:34148 [handler.py:handle_request():146] handle_request: internal_messages
2024-06-24 11:13:41,059 DEBUG   HandlerThread:34148 [handler.py:handle_request():146] handle_request: status_report
2024-06-24 11:13:46,111 DEBUG   HandlerThread:34148 [handler.py:handle_request():146] handle_request: status_report
2024-06-24 11:13:51,171 DEBUG   HandlerThread:34148 [handler.py:handle_request():146] handle_request: status_report
2024-06-24 11:13:53,750 DEBUG   HandlerThread:34148 [handler.py:handle_request():146] handle_request: stop_status
2024-06-24 11:13:53,751 DEBUG   SenderThread:34148 [sender.py:send_request():406] send_request: stop_status
2024-06-24 11:13:53,844 DEBUG   HandlerThread:34148 [handler.py:handle_request():146] handle_request: internal_messages
2024-06-24 11:13:57,075 DEBUG   HandlerThread:34148 [handler.py:handle_request():146] handle_request: status_report
2024-06-24 11:14:02,126 DEBUG   HandlerThread:34148 [handler.py:handle_request():146] handle_request: status_report
2024-06-24 11:14:03,339 DEBUG   SenderThread:34148 [sender.py:send():379] send: stats
2024-06-24 11:14:07,371 DEBUG   HandlerThread:34148 [handler.py:handle_request():146] handle_request: status_report
2024-06-24 11:14:08,771 DEBUG   HandlerThread:34148 [handler.py:handle_request():146] handle_request: stop_status
2024-06-24 11:14:08,771 DEBUG   SenderThread:34148 [sender.py:send_request():406] send_request: stop_status
2024-06-24 11:14:08,849 DEBUG   HandlerThread:34148 [handler.py:handle_request():146] handle_request: internal_messages
2024-06-24 11:14:13,054 DEBUG   HandlerThread:34148 [handler.py:handle_request():146] handle_request: status_report
2024-06-24 11:14:18,101 DEBUG   HandlerThread:34148 [handler.py:handle_request():146] handle_request: status_report
2024-06-24 11:14:23,152 DEBUG   HandlerThread:34148 [handler.py:handle_request():146] handle_request: status_report
2024-06-24 11:14:23,780 DEBUG   HandlerThread:34148 [handler.py:handle_request():146] handle_request: stop_status
2024-06-24 11:14:23,780 DEBUG   SenderThread:34148 [sender.py:send_request():406] send_request: stop_status
2024-06-24 11:14:23,853 DEBUG   HandlerThread:34148 [handler.py:handle_request():146] handle_request: internal_messages
2024-06-24 11:14:28,153 DEBUG   HandlerThread:34148 [handler.py:handle_request():146] handle_request: status_report
2024-06-24 11:14:33,205 DEBUG   HandlerThread:34148 [handler.py:handle_request():146] handle_request: status_report
2024-06-24 11:14:33,348 DEBUG   SenderThread:34148 [sender.py:send():379] send: stats
2024-06-24 11:14:38,406 DEBUG   HandlerThread:34148 [handler.py:handle_request():146] handle_request: status_report
2024-06-24 11:14:38,780 DEBUG   HandlerThread:34148 [handler.py:handle_request():146] handle_request: stop_status
2024-06-24 11:14:38,781 DEBUG   SenderThread:34148 [sender.py:send_request():406] send_request: stop_status
2024-06-24 11:14:38,858 DEBUG   HandlerThread:34148 [handler.py:handle_request():146] handle_request: internal_messages
2024-06-24 11:14:44,139 DEBUG   HandlerThread:34148 [handler.py:handle_request():146] handle_request: status_report
2024-06-24 11:14:49,186 DEBUG   HandlerThread:34148 [handler.py:handle_request():146] handle_request: status_report
2024-06-24 11:14:53,795 DEBUG   HandlerThread:34148 [handler.py:handle_request():146] handle_request: stop_status
2024-06-24 11:14:53,795 DEBUG   SenderThread:34148 [sender.py:send_request():406] send_request: stop_status
2024-06-24 11:14:53,858 DEBUG   HandlerThread:34148 [handler.py:handle_request():146] handle_request: internal_messages
2024-06-24 11:14:55,091 DEBUG   HandlerThread:34148 [handler.py:handle_request():146] handle_request: status_report
2024-06-24 11:15:00,139 DEBUG   HandlerThread:34148 [handler.py:handle_request():146] handle_request: status_report
2024-06-24 11:15:03,360 DEBUG   SenderThread:34148 [sender.py:send():379] send: stats
2024-06-24 11:15:05,386 DEBUG   HandlerThread:34148 [handler.py:handle_request():146] handle_request: status_report
2024-06-24 11:15:08,794 DEBUG   HandlerThread:34148 [handler.py:handle_request():146] handle_request: stop_status
2024-06-24 11:15:08,794 DEBUG   SenderThread:34148 [sender.py:send_request():406] send_request: stop_status
2024-06-24 11:15:08,855 DEBUG   HandlerThread:34148 [handler.py:handle_request():146] handle_request: internal_messages
2024-06-24 11:15:11,287 DEBUG   HandlerThread:34148 [handler.py:handle_request():146] handle_request: status_report
2024-06-24 11:15:16,342 DEBUG   HandlerThread:34148 [handler.py:handle_request():146] handle_request: status_report
2024-06-24 11:15:21,393 DEBUG   HandlerThread:34148 [handler.py:handle_request():146] handle_request: status_report
2024-06-24 11:15:23,786 DEBUG   HandlerThread:34148 [handler.py:handle_request():146] handle_request: stop_status
2024-06-24 11:15:23,787 DEBUG   SenderThread:34148 [sender.py:send_request():406] send_request: stop_status
2024-06-24 11:15:23,864 DEBUG   HandlerThread:34148 [handler.py:handle_request():146] handle_request: internal_messages
2024-06-24 11:15:27,083 DEBUG   HandlerThread:34148 [handler.py:handle_request():146] handle_request: status_report
2024-06-24 11:15:32,134 DEBUG   HandlerThread:34148 [handler.py:handle_request():146] handle_request: status_report
2024-06-24 11:15:33,364 DEBUG   SenderThread:34148 [sender.py:send():379] send: stats
2024-06-24 11:15:37,404 DEBUG   HandlerThread:34148 [handler.py:handle_request():146] handle_request: status_report
2024-06-24 11:15:38,786 DEBUG   HandlerThread:34148 [handler.py:handle_request():146] handle_request: stop_status
2024-06-24 11:15:38,787 DEBUG   SenderThread:34148 [sender.py:send_request():406] send_request: stop_status
2024-06-24 11:15:38,880 DEBUG   HandlerThread:34148 [handler.py:handle_request():146] handle_request: internal_messages
2024-06-24 11:15:43,118 DEBUG   HandlerThread:34148 [handler.py:handle_request():146] handle_request: status_report
2024-06-24 11:15:48,176 DEBUG   HandlerThread:34148 [handler.py:handle_request():146] handle_request: status_report
2024-06-24 11:15:53,233 DEBUG   HandlerThread:34148 [handler.py:handle_request():146] handle_request: status_report
2024-06-24 11:15:53,793 DEBUG   HandlerThread:34148 [handler.py:handle_request():146] handle_request: stop_status
2024-06-24 11:15:53,793 DEBUG   SenderThread:34148 [sender.py:send_request():406] send_request: stop_status
2024-06-24 11:15:53,887 DEBUG   HandlerThread:34148 [handler.py:handle_request():146] handle_request: internal_messages
2024-06-24 11:15:59,174 DEBUG   HandlerThread:34148 [handler.py:handle_request():146] handle_request: status_report
2024-06-24 11:16:03,365 DEBUG   SenderThread:34148 [sender.py:send():379] send: stats
2024-06-24 11:16:04,374 DEBUG   HandlerThread:34148 [handler.py:handle_request():146] handle_request: status_report
2024-06-24 11:16:08,793 DEBUG   HandlerThread:34148 [handler.py:handle_request():146] handle_request: stop_status
2024-06-24 11:16:08,794 DEBUG   SenderThread:34148 [sender.py:send_request():406] send_request: stop_status
2024-06-24 11:16:08,888 DEBUG   HandlerThread:34148 [handler.py:handle_request():146] handle_request: internal_messages
2024-06-24 11:16:10,040 DEBUG   HandlerThread:34148 [handler.py:handle_request():146] handle_request: status_report
2024-06-24 11:16:15,091 DEBUG   HandlerThread:34148 [handler.py:handle_request():146] handle_request: status_report
2024-06-24 11:16:20,141 DEBUG   HandlerThread:34148 [handler.py:handle_request():146] handle_request: status_report
2024-06-24 11:16:23,788 DEBUG   HandlerThread:34148 [handler.py:handle_request():146] handle_request: stop_status
2024-06-24 11:16:23,788 DEBUG   SenderThread:34148 [sender.py:send_request():406] send_request: stop_status
2024-06-24 11:16:23,897 DEBUG   HandlerThread:34148 [handler.py:handle_request():146] handle_request: internal_messages
2024-06-24 11:16:26,124 DEBUG   HandlerThread:34148 [handler.py:handle_request():146] handle_request: status_report
2024-06-24 11:16:31,173 DEBUG   HandlerThread:34148 [handler.py:handle_request():146] handle_request: status_report
2024-06-24 11:16:33,379 DEBUG   SenderThread:34148 [sender.py:send():379] send: stats
2024-06-24 11:16:36,412 DEBUG   HandlerThread:34148 [handler.py:handle_request():146] handle_request: status_report
2024-06-24 11:16:38,789 DEBUG   HandlerThread:34148 [handler.py:handle_request():146] handle_request: stop_status
2024-06-24 11:16:38,789 DEBUG   SenderThread:34148 [sender.py:send_request():406] send_request: stop_status
2024-06-24 11:16:38,913 DEBUG   HandlerThread:34148 [handler.py:handle_request():146] handle_request: internal_messages
2024-06-24 11:16:42,151 DEBUG   HandlerThread:34148 [handler.py:handle_request():146] handle_request: status_report
2024-06-24 11:16:47,181 DEBUG   HandlerThread:34148 [handler.py:handle_request():146] handle_request: status_report
2024-06-24 11:16:52,236 DEBUG   HandlerThread:34148 [handler.py:handle_request():146] handle_request: status_report
2024-06-24 11:16:53,796 DEBUG   HandlerThread:34148 [handler.py:handle_request():146] handle_request: stop_status
2024-06-24 11:16:53,796 DEBUG   SenderThread:34148 [sender.py:send_request():406] send_request: stop_status
2024-06-24 11:16:53,921 DEBUG   HandlerThread:34148 [handler.py:handle_request():146] handle_request: internal_messages
2024-06-24 11:16:58,086 DEBUG   HandlerThread:34148 [handler.py:handle_request():146] handle_request: status_report
2024-06-24 11:17:03,141 DEBUG   HandlerThread:34148 [handler.py:handle_request():146] handle_request: status_report
2024-06-24 11:17:03,391 DEBUG   SenderThread:34148 [sender.py:send():379] send: stats
2024-06-24 11:17:08,443 DEBUG   HandlerThread:34148 [handler.py:handle_request():146] handle_request: status_report
2024-06-24 11:17:08,799 DEBUG   HandlerThread:34148 [handler.py:handle_request():146] handle_request: stop_status
2024-06-24 11:17:08,799 DEBUG   SenderThread:34148 [sender.py:send_request():406] send_request: stop_status
2024-06-24 11:17:08,908 DEBUG   HandlerThread:34148 [handler.py:handle_request():146] handle_request: internal_messages
2024-06-24 11:17:14,173 DEBUG   HandlerThread:34148 [handler.py:handle_request():146] handle_request: status_report
2024-06-24 11:17:19,228 DEBUG   HandlerThread:34148 [handler.py:handle_request():146] handle_request: status_report
2024-06-24 11:17:23,818 DEBUG   HandlerThread:34148 [handler.py:handle_request():146] handle_request: stop_status
2024-06-24 11:17:23,818 DEBUG   SenderThread:34148 [sender.py:send_request():406] send_request: stop_status
2024-06-24 11:17:23,912 DEBUG   HandlerThread:34148 [handler.py:handle_request():146] handle_request: internal_messages
2024-06-24 11:17:25,175 DEBUG   HandlerThread:34148 [handler.py:handle_request():146] handle_request: status_report
2024-06-24 11:17:30,228 DEBUG   HandlerThread:34148 [handler.py:handle_request():146] handle_request: status_report
2024-06-24 11:17:33,395 DEBUG   SenderThread:34148 [sender.py:send():379] send: stats
2024-06-24 11:17:35,414 DEBUG   HandlerThread:34148 [handler.py:handle_request():146] handle_request: status_report
2024-06-24 11:17:38,828 DEBUG   HandlerThread:34148 [handler.py:handle_request():146] handle_request: stop_status
2024-06-24 11:17:38,828 DEBUG   SenderThread:34148 [sender.py:send_request():406] send_request: stop_status
2024-06-24 11:17:38,941 DEBUG   HandlerThread:34148 [handler.py:handle_request():146] handle_request: internal_messages
2024-06-24 11:17:41,152 DEBUG   HandlerThread:34148 [handler.py:handle_request():146] handle_request: status_report
2024-06-24 11:17:46,197 DEBUG   HandlerThread:34148 [handler.py:handle_request():146] handle_request: status_report
2024-06-24 11:17:51,248 DEBUG   HandlerThread:34148 [handler.py:handle_request():146] handle_request: status_report
2024-06-24 11:17:53,848 DEBUG   HandlerThread:34148 [handler.py:handle_request():146] handle_request: stop_status
2024-06-24 11:17:53,849 DEBUG   SenderThread:34148 [sender.py:send_request():406] send_request: stop_status
2024-06-24 11:17:53,941 DEBUG   HandlerThread:34148 [handler.py:handle_request():146] handle_request: internal_messages
2024-06-24 11:17:57,121 DEBUG   HandlerThread:34148 [handler.py:handle_request():146] handle_request: status_report
2024-06-24 11:18:02,176 DEBUG   HandlerThread:34148 [handler.py:handle_request():146] handle_request: status_report
2024-06-24 11:18:03,406 DEBUG   SenderThread:34148 [sender.py:send():379] send: stats
2024-06-24 11:18:07,433 DEBUG   HandlerThread:34148 [handler.py:handle_request():146] handle_request: status_report
2024-06-24 11:18:08,859 DEBUG   HandlerThread:34148 [handler.py:handle_request():146] handle_request: stop_status
2024-06-24 11:18:08,860 DEBUG   SenderThread:34148 [sender.py:send_request():406] send_request: stop_status
2024-06-24 11:18:08,953 DEBUG   HandlerThread:34148 [handler.py:handle_request():146] handle_request: internal_messages
2024-06-24 11:18:13,243 DEBUG   HandlerThread:34148 [handler.py:handle_request():146] handle_request: status_report
2024-06-24 11:18:18,303 DEBUG   HandlerThread:34148 [handler.py:handle_request():146] handle_request: status_report
2024-06-24 11:18:23,358 DEBUG   HandlerThread:34148 [handler.py:handle_request():146] handle_request: status_report
2024-06-24 11:18:23,885 DEBUG   HandlerThread:34148 [handler.py:handle_request():146] handle_request: stop_status
2024-06-24 11:18:23,887 DEBUG   SenderThread:34148 [sender.py:send_request():406] send_request: stop_status
2024-06-24 11:18:23,965 DEBUG   HandlerThread:34148 [handler.py:handle_request():146] handle_request: internal_messages
2024-06-24 11:18:29,270 DEBUG   HandlerThread:34148 [handler.py:handle_request():146] handle_request: status_report
2024-06-24 11:18:33,416 DEBUG   SenderThread:34148 [sender.py:send():379] send: stats
2024-06-24 11:18:34,426 DEBUG   HandlerThread:34148 [handler.py:handle_request():146] handle_request: status_report
2024-06-24 11:18:38,886 DEBUG   HandlerThread:34148 [handler.py:handle_request():146] handle_request: stop_status
2024-06-24 11:18:38,887 DEBUG   SenderThread:34148 [sender.py:send_request():406] send_request: stop_status
2024-06-24 11:18:38,981 DEBUG   HandlerThread:34148 [handler.py:handle_request():146] handle_request: internal_messages
2024-06-24 11:18:40,214 DEBUG   HandlerThread:34148 [handler.py:handle_request():146] handle_request: status_report
2024-06-24 11:18:45,270 DEBUG   HandlerThread:34148 [handler.py:handle_request():146] handle_request: status_report
2024-06-24 11:18:50,321 DEBUG   HandlerThread:34148 [handler.py:handle_request():146] handle_request: status_report
2024-06-24 11:18:53,878 DEBUG   HandlerThread:34148 [handler.py:handle_request():146] handle_request: stop_status
2024-06-24 11:18:53,878 DEBUG   SenderThread:34148 [sender.py:send_request():406] send_request: stop_status
2024-06-24 11:18:54,007 DEBUG   HandlerThread:34148 [handler.py:handle_request():146] handle_request: internal_messages
2024-06-24 11:18:56,240 DEBUG   HandlerThread:34148 [handler.py:handle_request():146] handle_request: status_report
2024-06-24 11:19:01,283 DEBUG   HandlerThread:34148 [handler.py:handle_request():146] handle_request: status_report
2024-06-24 11:19:03,420 DEBUG   SenderThread:34148 [sender.py:send():379] send: stats
2024-06-24 11:19:06,455 DEBUG   HandlerThread:34148 [handler.py:handle_request():146] handle_request: status_report
2024-06-24 11:19:08,880 DEBUG   HandlerThread:34148 [handler.py:handle_request():146] handle_request: stop_status
2024-06-24 11:19:08,880 DEBUG   SenderThread:34148 [sender.py:send_request():406] send_request: stop_status
2024-06-24 11:19:09,003 DEBUG   HandlerThread:34148 [handler.py:handle_request():146] handle_request: internal_messages
2024-06-24 11:19:12,168 DEBUG   HandlerThread:34148 [handler.py:handle_request():146] handle_request: status_report
2024-06-24 11:19:17,223 DEBUG   HandlerThread:34148 [handler.py:handle_request():146] handle_request: status_report
2024-06-24 11:19:22,282 DEBUG   HandlerThread:34148 [handler.py:handle_request():146] handle_request: status_report
2024-06-24 11:19:23,886 DEBUG   HandlerThread:34148 [handler.py:handle_request():146] handle_request: stop_status
2024-06-24 11:19:23,886 DEBUG   SenderThread:34148 [sender.py:send_request():406] send_request: stop_status
2024-06-24 11:19:24,009 DEBUG   HandlerThread:34148 [handler.py:handle_request():146] handle_request: internal_messages
2024-06-24 11:19:28,244 DEBUG   HandlerThread:34148 [handler.py:handle_request():146] handle_request: status_report
2024-06-24 11:19:33,306 DEBUG   HandlerThread:34148 [handler.py:handle_request():146] handle_request: status_report
2024-06-24 11:19:33,432 DEBUG   SenderThread:34148 [sender.py:send():379] send: stats
2024-06-24 11:19:38,490 DEBUG   HandlerThread:34148 [handler.py:handle_request():146] handle_request: status_report
2024-06-24 11:19:38,898 DEBUG   HandlerThread:34148 [handler.py:handle_request():146] handle_request: stop_status
2024-06-24 11:19:38,898 DEBUG   SenderThread:34148 [sender.py:send_request():406] send_request: stop_status
2024-06-24 11:19:39,023 DEBUG   HandlerThread:34148 [handler.py:handle_request():146] handle_request: internal_messages
2024-06-24 11:19:44,285 DEBUG   HandlerThread:34148 [handler.py:handle_request():146] handle_request: status_report
2024-06-24 11:19:49,339 DEBUG   HandlerThread:34148 [handler.py:handle_request():146] handle_request: status_report
2024-06-24 11:19:53,898 DEBUG   HandlerThread:34148 [handler.py:handle_request():146] handle_request: stop_status
2024-06-24 11:19:53,899 DEBUG   SenderThread:34148 [sender.py:send_request():406] send_request: stop_status
2024-06-24 11:19:54,026 DEBUG   HandlerThread:34148 [handler.py:handle_request():146] handle_request: internal_messages
2024-06-24 11:19:55,189 DEBUG   HandlerThread:34148 [handler.py:handle_request():146] handle_request: status_report
2024-06-24 11:20:00,229 DEBUG   HandlerThread:34148 [handler.py:handle_request():146] handle_request: status_report
2024-06-24 11:20:03,437 DEBUG   SenderThread:34148 [sender.py:send():379] send: stats
2024-06-24 11:20:05,451 DEBUG   HandlerThread:34148 [handler.py:handle_request():146] handle_request: status_report
2024-06-24 11:20:08,914 DEBUG   HandlerThread:34148 [handler.py:handle_request():146] handle_request: stop_status
2024-06-24 11:20:08,914 DEBUG   SenderThread:34148 [sender.py:send_request():406] send_request: stop_status
2024-06-24 11:20:09,039 DEBUG   HandlerThread:34148 [handler.py:handle_request():146] handle_request: internal_messages
2024-06-24 11:20:11,315 DEBUG   HandlerThread:34148 [handler.py:handle_request():146] handle_request: status_report
2024-06-24 11:20:16,368 DEBUG   HandlerThread:34148 [handler.py:handle_request():146] handle_request: status_report
2024-06-24 11:20:21,432 DEBUG   HandlerThread:34148 [handler.py:handle_request():146] handle_request: status_report
2024-06-24 11:20:23,925 DEBUG   HandlerThread:34148 [handler.py:handle_request():146] handle_request: stop_status
2024-06-24 11:20:23,926 DEBUG   SenderThread:34148 [sender.py:send_request():406] send_request: stop_status
2024-06-24 11:20:24,048 DEBUG   HandlerThread:34148 [handler.py:handle_request():146] handle_request: internal_messages
2024-06-24 11:20:29,995 DEBUG   HandlerThread:34148 [handler.py:handle_request():146] handle_request: keepalive
2024-06-24 11:20:33,572 INFO    SenderThread:34148 [retry.py:__call__():172] Retry attempt failed:
Traceback (most recent call last):
  File "C:\Users\19379\.conda\envs\pytorch\lib\site-packages\urllib3\connection.py", line 203, in _new_conn
    sock = connection.create_connection(
  File "C:\Users\19379\.conda\envs\pytorch\lib\site-packages\urllib3\util\connection.py", line 85, in create_connection
    raise err
  File "C:\Users\19379\.conda\envs\pytorch\lib\site-packages\urllib3\util\connection.py", line 73, in create_connection
    sock.connect(sa)
ConnectionRefusedError: [WinError 10061] 由于目标计算机积极拒绝，无法连接。

The above exception was the direct cause of the following exception:

Traceback (most recent call last):
  File "C:\Users\19379\.conda\envs\pytorch\lib\site-packages\urllib3\connectionpool.py", line 776, in urlopen
    self._prepare_proxy(conn)
  File "C:\Users\19379\.conda\envs\pytorch\lib\site-packages\urllib3\connectionpool.py", line 1045, in _prepare_proxy
    conn.connect()
  File "C:\Users\19379\.conda\envs\pytorch\lib\site-packages\urllib3\connection.py", line 611, in connect
    self.sock = sock = self._new_conn()
  File "C:\Users\19379\.conda\envs\pytorch\lib\site-packages\urllib3\connection.py", line 218, in _new_conn
    raise NewConnectionError(
urllib3.exceptions.NewConnectionError: <urllib3.connection.HTTPSConnection object at 0x000001EDBA367BB0>: Failed to establish a new connection: [WinError 10061] 由于目标计算机积极拒绝，无法连接。

The above exception was the direct cause of the following exception:

urllib3.exceptions.ProxyError: ('Unable to connect to proxy', NewConnectionError('<urllib3.connection.HTTPSConnection object at 0x000001EDBA367BB0>: Failed to establish a new connection: [WinError 10061] 由于目标计算机积极拒绝，无法连接。'))

The above exception was the direct cause of the following exception:

Traceback (most recent call last):
  File "C:\Users\19379\AppData\Roaming\Python\Python39\site-packages\requests\adapters.py", line 486, in send
    resp = conn.urlopen(
  File "C:\Users\19379\.conda\envs\pytorch\lib\site-packages\urllib3\connectionpool.py", line 844, in urlopen
    retries = retries.increment(
  File "C:\Users\19379\.conda\envs\pytorch\lib\site-packages\urllib3\util\retry.py", line 515, in increment
    raise MaxRetryError(_pool, url, reason) from reason  # type: ignore[arg-type]
urllib3.exceptions.MaxRetryError: HTTPSConnectionPool(host='api.wandb.ai', port=443): Max retries exceeded with url: /graphql (Caused by ProxyError('Unable to connect to proxy', NewConnectionError('<urllib3.connection.HTTPSConnection object at 0x000001EDBA367BB0>: Failed to establish a new connection: [WinError 10061] 由于目标计算机积极拒绝，无法连接。')))

During handling of the above exception, another exception occurred:

Traceback (most recent call last):
  File "C:\Users\19379\.conda\envs\pytorch\lib\site-packages\wandb\sdk\lib\retry.py", line 131, in __call__
    result = self._call_fn(*args, **kwargs)
  File "C:\Users\19379\.conda\envs\pytorch\lib\site-packages\wandb\sdk\internal\internal_api.py", line 369, in execute
    return self.client.execute(*args, **kwargs)  # type: ignore
  File "C:\Users\19379\.conda\envs\pytorch\lib\site-packages\wandb\vendor\gql-0.2.0\wandb_gql\client.py", line 52, in execute
    result = self._get_result(document, *args, **kwargs)
  File "C:\Users\19379\.conda\envs\pytorch\lib\site-packages\wandb\vendor\gql-0.2.0\wandb_gql\client.py", line 60, in _get_result
    return self.transport.execute(document, *args, **kwargs)
  File "C:\Users\19379\.conda\envs\pytorch\lib\site-packages\wandb\sdk\lib\gql_request.py", line 58, in execute
    request = self.session.post(self.url, **post_args)
  File "C:\Users\19379\AppData\Roaming\Python\Python39\site-packages\requests\sessions.py", line 637, in post
    return self.request("POST", url, data=data, json=json, **kwargs)
  File "C:\Users\19379\AppData\Roaming\Python\Python39\site-packages\requests\sessions.py", line 589, in request
    resp = self.send(prep, **send_kwargs)
  File "C:\Users\19379\AppData\Roaming\Python\Python39\site-packages\requests\sessions.py", line 703, in send
    r = adapter.send(request, **kwargs)
  File "C:\Users\19379\AppData\Roaming\Python\Python39\site-packages\requests\adapters.py", line 513, in send
    raise ProxyError(e, request=request)
requests.exceptions.ProxyError: HTTPSConnectionPool(host='api.wandb.ai', port=443): Max retries exceeded with url: /graphql (Caused by ProxyError('Unable to connect to proxy', NewConnectionError('<urllib3.connection.HTTPSConnection object at 0x000001EDBA367BB0>: Failed to establish a new connection: [WinError 10061] 由于目标计算机积极拒绝，无法连接。')))
2024-06-24 11:20:35,050 DEBUG   HandlerThread:34148 [handler.py:handle_request():146] handle_request: keepalive
2024-06-24 11:20:39,052 DEBUG   HandlerThread:34148 [handler.py:handle_request():146] handle_request: internal_messages
2024-06-24 11:20:41,066 WARNING FileStreamThread:34148 [file_stream.py:request_with_retry():687] requests_with_retry encountered retryable exception: HTTPSConnectionPool(host='api.wandb.ai', port=443): Max retries exceeded with url: /files/-find-question/YOLOv8/7lnkwxiy/file_stream (Caused by ProxyError('Unable to connect to proxy', NewConnectionError('<urllib3.connection.HTTPSConnection object at 0x000001EDBA30DAF0>: Failed to establish a new connection: [WinError 10061] 由于目标计算机积极拒绝，无法连接。'))). func: functools.partial(<bound method Session.post of <requests.sessions.Session object at 0x000001EDB9253340>>, timeout=180.0), args: ('https://api.wandb.ai/files/-find-question/YOLOv8/7lnkwxiy/file_stream',), kwargs: {'json': {'complete': False, 'failed': False, 'dropped': 0, 'uploaded': []}}
2024-06-24 11:20:44,162 DEBUG   HandlerThread:34148 [handler.py:handle_request():146] handle_request: keepalive
2024-06-24 11:20:45,502 WARNING FileStreamThread:34148 [file_stream.py:request_with_retry():687] requests_with_retry encountered retryable exception: HTTPSConnectionPool(host='api.wandb.ai', port=443): Max retries exceeded with url: /files/-find-question/YOLOv8/7lnkwxiy/file_stream (Caused by ProxyError('Unable to connect to proxy', NewConnectionError('<urllib3.connection.HTTPSConnection object at 0x000001EDBA367700>: Failed to establish a new connection: [WinError 10061] 由于目标计算机积极拒绝，无法连接。'))). func: functools.partial(<bound method Session.post of <requests.sessions.Session object at 0x000001EDB9253340>>, timeout=180.0), args: ('https://api.wandb.ai/files/-find-question/YOLOv8/7lnkwxiy/file_stream',), kwargs: {'json': {'complete': False, 'failed': False, 'dropped': 0, 'uploaded': []}}
2024-06-24 11:20:49,215 DEBUG   HandlerThread:34148 [handler.py:handle_request():146] handle_request: keepalive
2024-06-24 11:20:51,923 WARNING FileStreamThread:34148 [file_stream.py:request_with_retry():687] requests_with_retry encountered retryable exception: HTTPSConnectionPool(host='api.wandb.ai', port=443): Max retries exceeded with url: /files/-find-question/YOLOv8/7lnkwxiy/file_stream (Caused by ProxyError('Unable to connect to proxy', NewConnectionError('<urllib3.connection.HTTPSConnection object at 0x000001EDBA367070>: Failed to establish a new connection: [WinError 10061] 由于目标计算机积极拒绝，无法连接。'))). func: functools.partial(<bound method Session.post of <requests.sessions.Session object at 0x000001EDB9253340>>, timeout=180.0), args: ('https://api.wandb.ai/files/-find-question/YOLOv8/7lnkwxiy/file_stream',), kwargs: {'json': {'complete': False, 'failed': False, 'dropped': 0, 'uploaded': []}}
2024-06-24 11:20:54,068 DEBUG   HandlerThread:34148 [handler.py:handle_request():146] handle_request: internal_messages
2024-06-24 11:20:59,308 DEBUG   HandlerThread:34148 [handler.py:handle_request():146] handle_request: keepalive
2024-06-24 11:21:03,355 WARNING FileStreamThread:34148 [file_stream.py:request_with_retry():687] requests_with_retry encountered retryable exception: HTTPSConnectionPool(host='api.wandb.ai', port=443): Max retries exceeded with url: /files/-find-question/YOLOv8/7lnkwxiy/file_stream (Caused by ProxyError('Unable to connect to proxy', NewConnectionError('<urllib3.connection.HTTPSConnection object at 0x000001EDBA479B50>: Failed to establish a new connection: [WinError 10061] 由于目标计算机积极拒绝，无法连接。'))). func: functools.partial(<bound method Session.post of <requests.sessions.Session object at 0x000001EDB9253340>>, timeout=180.0), args: ('https://api.wandb.ai/files/-find-question/YOLOv8/7lnkwxiy/file_stream',), kwargs: {'json': {'complete': False, 'failed': False, 'dropped': 0, 'uploaded': []}}
2024-06-24 11:21:04,366 DEBUG   HandlerThread:34148 [handler.py:handle_request():146] handle_request: keepalive
2024-06-24 11:21:09,080 DEBUG   HandlerThread:34148 [handler.py:handle_request():146] handle_request: internal_messages
2024-06-24 11:21:14,475 DEBUG   HandlerThread:34148 [handler.py:handle_request():146] handle_request: keepalive
2024-06-24 11:21:19,528 DEBUG   HandlerThread:34148 [handler.py:handle_request():146] handle_request: keepalive
2024-06-24 11:21:21,938 WARNING FileStreamThread:34148 [file_stream.py:request_with_retry():687] requests_with_retry encountered retryable exception: HTTPSConnectionPool(host='api.wandb.ai', port=443): Max retries exceeded with url: /files/-find-question/YOLOv8/7lnkwxiy/file_stream (Caused by ProxyError('Unable to connect to proxy', NewConnectionError('<urllib3.connection.HTTPSConnection object at 0x000001EDBA2645B0>: Failed to establish a new connection: [WinError 10061] 由于目标计算机积极拒绝，无法连接。'))). func: functools.partial(<bound method Session.post of <requests.sessions.Session object at 0x000001EDB9253340>>, timeout=180.0), args: ('https://api.wandb.ai/files/-find-question/YOLOv8/7lnkwxiy/file_stream',), kwargs: {'json': {'complete': False, 'failed': False, 'dropped': 0, 'uploaded': []}}
2024-06-24 11:21:24,095 DEBUG   HandlerThread:34148 [handler.py:handle_request():146] handle_request: internal_messages
2024-06-24 11:21:29,635 DEBUG   HandlerThread:34148 [handler.py:handle_request():146] handle_request: keepalive
2024-06-24 11:21:34,691 DEBUG   HandlerThread:34148 [handler.py:handle_request():146] handle_request: keepalive
2024-06-24 11:21:39,097 DEBUG   HandlerThread:34148 [handler.py:handle_request():146] handle_request: internal_messages
